\BOOKMARK [1][-]{section.1}{\376\377\000I\000n\000t\000r\000o\000d\000u\000c\000t\000i\000o\000n}{}% 1
\BOOKMARK [1][-]{section.2}{\376\377\000B\000a\000c\000k\000g\000r\000o\000u\000n\000d}{}% 2
\BOOKMARK [1][-]{section.3}{\376\377\000C\000o\000m\000p\000a\000r\000e\000d\000\040\000t\000o\000\040\000L\000a\000P\000r\000i\000n\000t}{}% 3
\BOOKMARK [1][-]{section.4}{\376\377\000U\000s\000a\000g\000e}{}% 4
\BOOKMARK [2][-]{subsection.4.1}{\376\377\000W\000i\000t\000h\000i\000n\000\040\000M\000a\000t\000l\000a\000b}{section.4}% 5
\BOOKMARK [2][-]{subsection.4.2}{\376\377\000W\000i\000t\000h\000i\000n\000\040\000L\000a\000T\000e\000X}{section.4}% 6
\BOOKMARK [2][-]{subsection.4.3}{\376\377\000W\000i\000t\000h\000i\000n\000\040\000p\000d\000f\000L\000a\000T\000e\000X}{section.4}% 7
\BOOKMARK [2][-]{subsection.4.4}{\376\377\000W\000i\000t\000h\000i\000n\000\040\000L\000y\000X}{section.4}% 8
\BOOKMARK [1][-]{section.5}{\376\377\000C\000r\000e\000a\000t\000i\000n\000g\000\040\000f\000i\000g\000u\000r\000e\000s\000\040\000i\000n\000\040\000M\000a\000t\000l\000a\000b}{}% 9
\BOOKMARK [2][-]{subsection.5.1}{\376\377\000S\000i\000z\000i\000n\000g}{section.5}% 10
\BOOKMARK [2][-]{subsection.5.2}{\376\377\000C\000o\000l\000o\000r}{section.5}% 11
\BOOKMARK [2][-]{subsection.5.3}{\376\377\000F\000o\000n\000t\000S\000i\000z\000e}{section.5}% 12
\BOOKMARK [2][-]{subsection.5.4}{\376\377\000F\000o\000n\000t\000A\000n\000g\000l\000e}{section.5}% 13
\BOOKMARK [2][-]{subsection.5.5}{\376\377\000F\000o\000n\000t\000W\000e\000i\000g\000h\000t}{section.5}% 14
\BOOKMARK [2][-]{subsection.5.6}{\376\377\000F\000o\000n\000t\000N\000a\000m\000e}{section.5}% 15
\BOOKMARK [2][-]{subsection.5.7}{\376\377\000I\000n\000t\000e\000r\000p\000r\000e\000t\000e\000r}{section.5}% 16
\BOOKMARK [2][-]{subsection.5.8}{\376\377\000M\000u\000l\000t\000i\000-\000l\000i\000n\000e\000\040\000t\000e\000x\000t}{section.5}% 17
\BOOKMARK [2][-]{subsection.5.9}{\376\377\000C\000u\000s\000t\000o\000m\000\040\000t\000i\000c\000k\000\040\000l\000a\000b\000e\000l\000s}{section.5}% 18
\BOOKMARK [2][-]{subsection.5.10}{\376\377\000L\000e\000g\000e\000n\000d\000s}{section.5}% 19
\BOOKMARK [2][-]{subsection.5.11}{\376\377\000T\000i\000c\000k\000\040\000s\000c\000a\000l\000i\000n\000g\000\040\000v\000a\000l\000u\000e\000s}{section.5}% 20
\BOOKMARK [1][-]{section.6}{\376\377\000F\000r\000e\000q\000u\000e\000n\000t\000l\000y\000\040\000\050\000o\000c\000c\000a\000s\000i\000o\000n\000a\000l\000l\000y\000\051\000\040\000a\000s\000k\000e\000d\000\040\000q\000u\000e\000s\000t\000i\000o\000n\000s}{}% 21
\BOOKMARK [2][-]{subsection.6.1}{\376\377\000H\000o\000w\000\040\000d\000o\000\040\000I\000\040\000c\000o\000m\000p\000i\000l\000e\000\040\000e\000p\000s\000c\000o\000m\000p\000r\000e\000s\000s\000.\000c}{section.6}% 22
\BOOKMARK [2][-]{subsection.6.2}{\376\377\000W\000h\000y\000\040\000d\000o\000e\000s\000\040\000t\000h\000e\000\040\000o\000u\000t\000p\000u\000t\000\040\000h\000a\000v\000e\000\040\000t\000h\000r\000e\000e\000\040\000d\000i\000g\000i\000t\000\040\000n\000u\000m\000b\000e\000r\000s\000\040\000a\000l\000l\000\040\000t\000h\000r\000o\000u\000g\000h\000\040\000i\000t\000?}{section.6}% 23
\BOOKMARK [2][-]{subsection.6.3}{\376\377\000W\000h\000y\000\040\000d\000o\000e\000s\000n\000'\000t\000\040\000t\000h\000e\000\040\000.\000t\000e\000x\000\040\000f\000i\000l\000e\000\040\000h\000a\000v\000e\000\040\000t\000h\000e\000\040\000i\000n\000c\000l\000u\000d\000e\000g\000r\000a\000p\000h\000i\000c\000s\000\040\000s\000t\000a\000t\000e\000m\000e\000n\000t\000\040\000i\000n\000\040\000i\000t\000\040\000l\000i\000k\000e\000\040\000L\000a\000P\000r\000i\000n\000t\000\040\000d\000o\000e\000s\000?}{section.6}% 24
\BOOKMARK [1][-]{section.7}{\376\377\000T\000r\000o\000u\000b\000l\000e\000s\000h\000o\000o\000t\000i\000n\000g}{}% 25
\BOOKMARK [2][-]{subsection.7.1}{\376\377\000I\000\040\000g\000e\000t\000\040\000a\000n\000\040\000e\000r\000r\000o\000r\000\040\000i\000n\000\040\000M\000a\000t\000l\000a\000b\000!}{section.7}% 26
\BOOKMARK [2][-]{subsection.7.2}{\376\377\000I\000\040\000g\000e\000t\000\040\000a\000\040\000w\000a\000r\000n\000i\000n\000g\000\040\000i\000n\000\040\000M\000a\000t\000l\000a\000b\000!}{section.7}% 27
\BOOKMARK [2][-]{subsection.7.3}{\376\377\000I\000\040\000g\000e\000t\000\040\000t\000h\000e\000\040\000U\000n\000a\000b\000l\000e\000\040\000t\000o\000\040\000i\000n\000t\000e\000r\000p\000r\000e\000t\000\040\000T\000e\000X\000\040\000s\000t\000r\000i\000n\000g\000\040\000w\000a\000r\000n\000i\000n\000g\000\040\000i\000n\000\040\000M\000a\000t\000l\000a\000b\000!}{section.7}% 28
\BOOKMARK [2][-]{subsection.7.4}{\376\377\000M\000y\000\040\000g\000r\000a\000p\000h\000i\000c\000\040\000e\000x\000p\000o\000r\000t\000s\000\040\000f\000r\000o\000m\000\040\000M\000a\000t\000l\000a\000b\000\040\000f\000i\000n\000e\000,\000\040\000b\000u\000t\000\040\000d\000o\000e\000s\000\040\000n\000o\000t\000\040\000c\000o\000m\000p\000i\000l\000e\000\040\000i\000n\000\040\000L\000a\000T\000e\000X\000/\000p\000d\000f\000L\000a\000T\000e\000X\000/\000L\000y\000X\000!}{section.7}% 29
\BOOKMARK [2][-]{subsection.7.5}{\376\377\000M\000y\000\040\000g\000r\000a\000p\000h\000i\000c\000\040\000e\000x\000p\000o\000r\000t\000s\000\040\000f\000r\000o\000m\000\040\000M\000a\000t\000l\000a\000b\000\040\000a\000n\000d\000\040\000c\000o\000m\000p\000i\000l\000e\000s\000\040\000i\000n\000\040\000L\000a\000T\000e\000X\000/\000p\000d\000f\000L\000a\000T\000e\000X\000/\000L\000y\000X\000\040\000b\000u\000t\000\040\000d\000o\000e\000s\000n\000'\000t\000\040\000l\000o\000o\000k\000\040\000r\000i\000g\000h\000t\000!}{section.7}% 30
\BOOKMARK [1][-]{section.8}{\376\377\000A\000d\000v\000a\000n\000c\000e\000d\000\040\000u\000s\000a\000g\000e\000:\000\040\000a\000\040\000d\000i\000s\000c\000u\000s\000s\000i\000o\000n\000\040\000o\000n\000\040\000r\000e\000n\000d\000e\000r\000e\000r\000s}{}% 31
\BOOKMARK [1][-]{section.9}{\376\377\000A\000d\000v\000a\000n\000c\000e\000d\000\040\000u\000s\000a\000g\000e\000:\000\040\000a\000\040\000d\000i\000s\000c\000u\000s\000s\000i\000o\000n\000\040\000o\000n\000\040\000a\000x\000i\000s\000\040\000t\000i\000c\000k\000s}{}% 32
